<?xml version="1.0" encoding="UTF-8"?>
<!-- Generated by org.testng.reporters.JUnitXMLReporter -->
<testsuite ignored="0" hostname="DESKTOP-52184BI" failures="0" tests="4" name="Login Test" time="10.859" errors="0" timestamp="26 Oct 2021 13:55:42 GMT">
  <testcase classname="com.freecrm.test.LoginPageTest" name="verifyLoginPageTitle" time="0.099"/>
  <testcase classname="com.freecrm.test.LoginPageTest" name="verifyFreeCRMLogoIsDisplayed" time="3.077"/>
  <testcase classname="com.freecrm.test.LoginPageTest" name="verifyLogInBtnIsDisplayed" time="0.04"/>
  <testcase classname="com.freecrm.test.LoginPageTest" name="verifyLogInBtnlick" time="1.335"/>
</testsuite> <!-- Login Test -->
