<?xml version="1.0" encoding="UTF-8"?>
<!-- Generated by org.testng.reporters.JUnitXMLReporter -->
<testsuite ignored="0" hostname="DESKTOP-52184BI" failures="0" tests="4" name="Default test" time="10.44" errors="0" timestamp="26 Oct 2021 13:53:45 GMT">
  <testcase classname="com.freecrm.test.LoginPageTest" name="verifyLoginPageTitle" time="0.13"/>
  <testcase classname="com.freecrm.test.LoginPageTest" name="verifyFreeCRMLogoIsDisplayed" time="3.075"/>
  <testcase classname="com.freecrm.test.LoginPageTest" name="verifyLogInBtnIsDisplayed" time="0.045"/>
  <testcase classname="com.freecrm.test.LoginPageTest" name="verifyLogInBtnlick" time="1.187"/>
</testsuite> <!-- Default test -->
