<?xml version="1.0" encoding="UTF-8"?>
<!-- Generated by org.testng.reporters.JUnitXMLReporter -->
<testsuite ignored="2" hostname="DESKTOP-52184BI" failures="1" tests="2" name="Test" time="11.363" errors="0" timestamp="26 Oct 2021 13:09:28 GMT">
  <testcase classname="com.mystoreapp.test.LandingPageTest" name="verifyLandingPageTitle" time="4.603"/>
  <testcase classname="com.mystoreapp.test.LoginPageTest" name="verifyLoginPageTitle" time="0.004">
    <failure type="java.lang.NullPointerException" message="Cannot invoke &amp;quot;com.mystoreapp.pages.LoginPage.doGetLoginPageTitle()&amp;quot; because &amp;quot;this.loginPage&amp;quot; is null">
      <![CDATA[java.lang.NullPointerException: Cannot invoke "com.mystoreapp.pages.LoginPage.doGetLoginPageTitle()" because "this.loginPage" is null
at com.mystoreapp.test.LoginPageTest.verifyLoginPageTitle(LoginPageTest.java:20)
... Removed 25 stack frames]]>
    </failure>
  </testcase> <!-- verifyLoginPageTitle -->
  <testcase classname="com.mystoreapp.base.BaseTest" name="@AfterTest tearDown" time="0.0">
    <ignored/>
  </testcase> <!-- @AfterTest tearDown -->
  <testcase classname="com.mystoreapp.base.BaseTest" name="@BeforeTest setUp" time="0.0">
    <ignored/>
  </testcase> <!-- @BeforeTest setUp -->
</testsuite> <!-- Test -->
