<?xml version="1.0" encoding="UTF-8"?>
<testng-results ignored="0" total="4" passed="4" failed="0" skipped="0">
  <reporter-output>
  </reporter-output>
  <suite started-at="2021-10-26T13:55:31Z" name="Free CRM App Suite" finished-at="2021-10-26T13:55:42Z" duration-ms="10859">
    <groups>
    </groups>
    <test started-at="2021-10-26T13:55:31Z" name="Login Test" finished-at="2021-10-26T13:55:42Z" duration-ms="10859">
      <class name="com.freecrm.test.LoginPageTest">
        <test-method is-config="true" signature="setUp()[pri:0, instance:com.freecrm.test.LoginPageTest@7e75bf2d]" started-at="2021-10-26T13:55:31Z" name="setUp" finished-at="2021-10-26T13:55:37Z" duration-ms="5297" status="PASS">
          <reporter-output>
          </reporter-output>
        </test-method> <!-- setUp -->
        <test-method signature="verifyLoginPageTitle()[pri:1, instance:com.freecrm.test.LoginPageTest@7e75bf2d]" started-at="2021-10-26T13:55:37Z" name="verifyLoginPageTitle" finished-at="2021-10-26T13:55:37Z" duration-ms="99" status="PASS">
          <reporter-output>
          </reporter-output>
        </test-method> <!-- verifyLoginPageTitle -->
        <test-method signature="verifyFreeCRMLogoIsDisplayed()[pri:2, instance:com.freecrm.test.LoginPageTest@7e75bf2d]" started-at="2021-10-26T13:55:37Z" name="verifyFreeCRMLogoIsDisplayed" finished-at="2021-10-26T13:55:40Z" duration-ms="3077" status="PASS">
          <reporter-output>
          </reporter-output>
        </test-method> <!-- verifyFreeCRMLogoIsDisplayed -->
        <test-method signature="verifyLogInBtnIsDisplayed()[pri:3, instance:com.freecrm.test.LoginPageTest@7e75bf2d]" started-at="2021-10-26T13:55:40Z" name="verifyLogInBtnIsDisplayed" finished-at="2021-10-26T13:55:40Z" duration-ms="40" status="PASS">
          <reporter-output>
          </reporter-output>
        </test-method> <!-- verifyLogInBtnIsDisplayed -->
        <test-method signature="verifyLogInBtnlick()[pri:4, instance:com.freecrm.test.LoginPageTest@7e75bf2d]" started-at="2021-10-26T13:55:40Z" name="verifyLogInBtnlick" finished-at="2021-10-26T13:55:41Z" duration-ms="1335" status="PASS">
          <reporter-output>
          </reporter-output>
        </test-method> <!-- verifyLogInBtnlick -->
        <test-method is-config="true" signature="tearDown()[pri:0, instance:com.freecrm.test.LoginPageTest@7e75bf2d]" started-at="2021-10-26T13:55:41Z" name="tearDown" finished-at="2021-10-26T13:55:42Z" duration-ms="812" status="PASS">
          <reporter-output>
          </reporter-output>
        </test-method> <!-- tearDown -->
      </class> <!-- com.freecrm.test.LoginPageTest -->
    </test> <!-- Login Test -->
  </suite> <!-- Free CRM App Suite -->
</testng-results>
